<?xml version="1.0" encoding="UTF-8"?>
<!-- Generated by org.testng.reporters.JUnitReportReporter -->
<testsuite skipped="0" hostname="Imans-MacBook-Air.local" name="com.class04.NewToursExample" tests="2" failures="0" timestamp="07 Jun 2019 00:17:22 GMT" time="8.682" errors="0">
  <testcase name="mailingInformation" time="4.772" classname="com.class04.NewToursExample"/>
  <testcase name="contactInformation" time="3.910" classname="com.class04.NewToursExample"/>
</testsuite> <!-- com.class04.NewToursExample -->
