<?xml version="1.0" encoding="UTF-8"?>
<!-- Generated by org.testng.reporters.JUnitReportReporter -->
<testsuite skipped="0" hostname="Imans-Air.fios-router.home" name="com.class04.Task2" tests="2" failures="0" timestamp="11 Jun 2019 01:21:15 GMT" time="5.138" errors="0">
  <testcase name="userName1" time="2.983" classname="com.class04.Task2"/>
  <testcase name="userName2" time="2.155" classname="com.class04.Task2"/>
</testsuite> <!-- com.class04.Task2 -->
