<?xml version="1.0" encoding="UTF-8"?>
<!-- Generated by org.testng.reporters.JUnitReportReporter -->
<testsuite skipped="0" hostname="Imans-MacBook-Air.local" name="com.class04.ParameterExampleOne" tests="1" failures="0" timestamp="07 Jun 2019 00:33:57 GMT" time="0.015" errors="0">
  <testcase name="userNames" time="0.015" classname="com.class04.ParameterExampleOne"/>
</testsuite> <!-- com.class04.ParameterExampleOne -->
