<?xml version="1.0" encoding="UTF-8"?>
<!-- Generated by org.testng.reporters.JUnitReportReporter -->
<testsuite skipped="2" hostname="Imans-MacBook-Air.local" name="com.class02.EnableAndDisable" tests="4" failures="0" timestamp="31 May 2019 01:53:52 GMT" time="0.007" errors="0">
  <testcase name="second" time="0.005" classname="com.class02.EnableAndDisable"/>
  <testcase name="forth" time="0.002" classname="com.class02.EnableAndDisable"/>
  <testcase name="third" classname="com.class02.EnableAndDisable">
    <skipped/>
  </testcase> <!-- third -->
  <testcase name="first" classname="com.class02.EnableAndDisable">
    <skipped/>
  </testcase> <!-- first -->
</testsuite> <!-- com.class02.EnableAndDisable -->
