<?xml version="1.0" encoding="UTF-8"?>
<!-- Generated by org.testng.reporters.JUnitReportReporter -->
<testsuite skipped="0" hostname="Imans-MacBook-Air.local" name="com.class01.Funk" tests="1" failures="0" timestamp="15 Jun 2019 15:02:26 GMT" time="3.543" errors="0">
  <testcase name="cart" time="3.543" classname="com.class01.Funk"/>
</testsuite> <!-- com.class01.Funk -->
