<?xml version="1.0" encoding="UTF-8"?>
<!-- Generated by org.testng.reporters.JUnitReportReporter -->
<testsuite skipped="0" hostname="Imans-MacBook-Air.local" name="com.class02.priorityExample" tests="2" failures="0" timestamp="30 May 2019 23:37:47 GMT" time="2.910" errors="0">
  <testcase name="login" time="0.858" classname="com.class02.priorityExample"/>
  <testcase name="mainPage" time="2.052" classname="com.class02.priorityExample"/>
</testsuite> <!-- com.class02.priorityExample -->
