<?xml version="1.0" encoding="UTF-8"?>
<!-- Generated by org.testng.reporters.JUnitReportReporter -->
<testsuite skipped="0" hostname="Imans-MacBook-Air.local" name="com.class01.priority" tests="4" failures="0" timestamp="30 May 2019 23:05:07 GMT" time="0.026" errors="0">
  <testcase name="first" time="0.016" classname="com.class01.priority"/>
  <testcase name="second" time="0.005" classname="com.class01.priority"/>
  <testcase name="third" time="0.003" classname="com.class01.priority"/>
  <testcase name="fourth" time="0.002" classname="com.class01.priority"/>
</testsuite> <!-- com.class01.priority -->
