<?xml version="1.0" encoding="UTF-8"?>
<!-- Generated by org.testng.reporters.JUnitReportReporter -->
<testsuite skipped="0" hostname="Imans-MacBook-Air.local" name="com.class03.DependsOnGroups" tests="3" failures="0" timestamp="06 Jun 2019 01:45:27 GMT" time="0.026" errors="0">
  <testcase name="two" time="0.002" classname="com.class03.DependsOnGroups"/>
  <testcase name="three" time="0.008" classname="com.class03.DependsOnGroups"/>
  <testcase name="one" time="0.016" classname="com.class03.DependsOnGroups"/>
</testsuite> <!-- com.class03.DependsOnGroups -->
