<?xml version="1.0" encoding="UTF-8"?>
<!-- Generated by org.testng.reporters.JUnitReportReporter -->
<testsuite skipped="0" hostname="Imans-Air.fios-router.home" name="com.class03.GroupsDemo" tests="4" failures="0" timestamp="06 Jun 2019 19:31:40 GMT" time="0.017" errors="0">
  <testcase name="test2" time="0.002" classname="com.class03.GroupsDemo"/>
  <testcase name="test4" time="0.001" classname="com.class03.GroupsDemo"/>
  <testcase name="test3" time="0.002" classname="com.class03.GroupsDemo"/>
  <testcase name="test1" time="0.012" classname="com.class03.GroupsDemo"/>
</testsuite> <!-- com.class03.GroupsDemo -->
