<?xml version="1.0" encoding="UTF-8"?>
<!-- Generated by org.testng.reporters.JUnitReportReporter -->
<testsuite skipped="0" hostname="Imans-MacBook-Air.local" name="com.class02.priority" tests="4" failures="0" timestamp="31 May 2019 01:53:57 GMT" time="0.016" errors="0">
  <testcase name="first" time="0.008" classname="com.class02.priority"/>
  <testcase name="second" time="0.004" classname="com.class02.priority"/>
  <testcase name="third" time="0.002" classname="com.class02.priority"/>
  <testcase name="fourth" time="0.002" classname="com.class02.priority"/>
</testsuite> <!-- com.class02.priority -->
