<?xml version="1.0" encoding="UTF-8"?>
<!-- Generated by org.testng.reporters.JUnitReportReporter -->
<testsuite skipped="0" hostname="Imans-Air.fios-router.home" name="com.class04.TestNGParametersDemo" tests="1" failures="0" timestamp="06 Jun 2019 19:43:48 GMT" time="0.018" errors="0">
  <testcase name="test" time="0.018" classname="com.class04.TestNGParametersDemo"/>
</testsuite> <!-- com.class04.TestNGParametersDemo -->
