<?xml version="1.0" encoding="UTF-8"?>
<!-- Generated by org.testng.reporters.JUnitReportReporter -->
<testsuite skipped="0" hostname="Imans-MacBook-Air.local" name="com.class03.DependsOnMethods" tests="3" failures="0" timestamp="06 Jun 2019 01:42:18 GMT" time="0.014" errors="0">
  <testcase name="three" time="0.001" classname="com.class03.DependsOnMethods"/>
  <testcase name="one" time="0.011" classname="com.class03.DependsOnMethods"/>
  <testcase name="two" time="0.002" classname="com.class03.DependsOnMethods"/>
</testsuite> <!-- com.class03.DependsOnMethods -->
