<?xml version="1.0" encoding="UTF-8"?>
<!-- Generated by org.testng.reporters.JUnitReportReporter -->
<testsuite skipped="0" hostname="Imans-MacBook-Air.local" name="com.class04.Task1" tests="1" failures="0" timestamp="07 Jun 2019 00:20:58 GMT" time="3.243" errors="0">
  <testcase name="userName1" time="3.243" classname="com.class04.Task1"/>
</testsuite> <!-- com.class04.Task1 -->
