<?xml version="1.0" encoding="UTF-8"?>
<!-- Generated by org.testng.reporters.JUnitReportReporter -->
<testsuite skipped="0" hostname="Imans-MacBook-Air.local" name="com.class04.ParameterExampleTwo" tests="1" failures="0" timestamp="07 Jun 2019 01:47:28 GMT" time="2.618" errors="0">
  <testcase name="testGoogle" time="2.618" classname="com.class04.ParameterExampleTwo"/>
</testsuite> <!-- com.class04.ParameterExampleTwo -->
