<?xml version="1.0" encoding="UTF-8"?>
<!-- Generated by org.testng.reporters.JUnitReportReporter -->
<testsuite skipped="0" hostname="Imans-MacBook-Air.local" name="com.class04.NewToursEx" tests="1" failures="0" timestamp="07 Jun 2019 01:09:20 GMT" time="4.481" errors="0">
  <testcase name="userInformation" time="4.481" classname="com.class04.NewToursEx"/>
</testsuite> <!-- com.class04.NewToursEx -->
