<?xml version="1.0" encoding="UTF-8"?>
<!-- Generated by org.testng.reporters.JUnitReportReporter -->
<testsuite skipped="0" hostname="Imans-MacBook-Air.local" name="com.class01.OrangeHrmExample" tests="1" failures="0" timestamp="30 May 2019 23:58:49 GMT" time="7.549" errors="0">
  <testcase name="login" time="7.549" classname="com.class01.OrangeHrmExample"/>
</testsuite> <!-- com.class01.OrangeHrmExample -->
