<?xml version="1.0" encoding="UTF-8"?>
<!-- Generated by org.testng.reporters.JUnitReportReporter -->
<testsuite skipped="0" hostname="Imans-MacBook-Air.local" name="com.class03.Task1Grouping" tests="3" failures="0" timestamp="06 Jun 2019 01:31:38 GMT" time="6.777" errors="0">
  <testcase name="userThree" time="2.578" classname="com.class03.Task1Grouping"/>
  <testcase name="userOne" time="2.168" classname="com.class03.Task1Grouping"/>
  <testcase name="userTwo" time="2.031" classname="com.class03.Task1Grouping"/>
</testsuite> <!-- com.class03.Task1Grouping -->
