<?xml version="1.0" encoding="UTF-8"?>
<!-- Generated by org.testng.reporters.JUnitReportReporter -->
<testsuite skipped="0" hostname="Imans-Air.fios-router.home" name="com.class04.DataProviderTest" tests="3" failures="0" timestamp="11 Jun 2019 23:06:02 GMT" time="0.023" errors="0">
  <testcase name="getData" time="0.006" classname="com.class04.DataProviderTest"/>
  <testcase name="getData" time="0.011" classname="com.class04.DataProviderTest"/>
  <testcase name="getData" time="0.006" classname="com.class04.DataProviderTest"/>
</testsuite> <!-- com.class04.DataProviderTest -->
