<?xml version="1.0" encoding="UTF-8"?>
<!-- Generated by org.testng.reporters.JUnitReportReporter -->
<testsuite skipped="0" hostname="Imans-MacBook-Air.local" name="com.class02.Task1" tests="2" failures="0" timestamp="31 May 2019 00:07:22 GMT" time="5.944" errors="0">
  <testcase name="titleVerify" time="2.281" classname="com.class02.Task1"/>
  <testcase name="login" time="3.663" classname="com.class02.Task1"/>
</testsuite> <!-- com.class02.Task1 -->
