<?xml version="1.0" encoding="UTF-8"?>
<!-- Generated by org.testng.reporters.JUnitReportReporter -->
<testsuite skipped="0" hostname="Imans-MacBook-Air.local" name="com.class05.Task2" tests="2" failures="0" timestamp="13 Jun 2019 23:35:38 GMT" time="13.287" errors="0">
  <testcase name="user" time="7.834" classname="com.class05.Task2"/>
  <testcase name="user" time="5.453" classname="com.class05.Task2"/>
</testsuite> <!-- com.class05.Task2 -->
