<?xml version="1.0" encoding="UTF-8"?>
<!-- Generated by org.testng.reporters.JUnitReportReporter -->
<testsuite skipped="0" hostname="Imans-Air.fios-router.home" name="com.class02.Task2" tests="3" failures="0" timestamp="02 Jun 2019 03:56:40 GMT" time="7.909" errors="0">
  <testcase name="login" time="0.964" classname="com.class02.Task2"/>
  <testcase name="addEmployee" time="6.619" classname="com.class02.Task2"/>
  <testcase name="verifyEmployee" time="0.326" classname="com.class02.Task2"/>
</testsuite> <!-- com.class02.Task2 -->
